<?xml version="1.0" encoding="UTF-8"?>
<testsuite name="org.jhipster.web.rest.AccountResourceIntTest" time="4.036" tests="12" errors="0" skipped="0" failures="0">
  <properties>
[...]
</properties>
  <testcase name="testSaveInvalidLogin" classname="org.jhipster.web.rest.AccountResourceIntTest" time="0.887"/>
  <testcase name="testRegisterInvalidEmail" classname="org.jhipster.web.rest.AccountResourceIntTest" time="0.263"/>
  <testcase name="testRegisterInvalidLogin" classname="org.jhipster.web.rest.AccountResourceIntTest" time="0.171"/>
  <testcase name="testRegisterInvalidPassword" classname="org.jhipster.web.rest.AccountResourceIntTest" time="0.19"/>
  <testcase name="testRegisterAdminIsIgnored" classname="org.jhipster.web.rest.AccountResourceIntTest" time="0.488"/>
  <testcase name="testGetUnknownAccount" classname="org.jhipster.web.rest.AccountResourceIntTest" time="0.14"/>
  <testcase name="testRegisterDuplicateEmail" classname="org.jhipster.web.rest.AccountResourceIntTest" time="0.46"/>
  <testcase name="testRegisterDuplicateLogin" classname="org.jhipster.web.rest.AccountResourceIntTest" time="0.45"/>
  <testcase name="testAuthenticatedUser" classname="org.jhipster.web.rest.AccountResourceIntTest" time="0.117"/>
  <testcase name="testRegisterValid" classname="org.jhipster.web.rest.AccountResourceIntTest" time="0.479"/>
  <testcase name="testNonAuthenticatedUser" classname="org.jhipster.web.rest.AccountResourceIntTest" time="0.116"/>
  <testcase name="testGetExistingAccount" classname="org.jhipster.web.rest.AccountResourceIntTest" time="0.275"/>
</testsuite>